[2025-10-31 09:14:19,848 - INFO - common - created directory: artifacts]
[2025-10-31 09:14:19,850 - INFO - common - created directory: artifacts/data_ingestion]
[2025-10-31 09:14:19,852 - INFO - configuration - Data ingestion configuration and params loaded successfully.]
[2025-10-31 09:14:19,853 - INFO - data_ingestion - Downloading dataset has started...]
[2025-10-31 09:14:21,000 - INFO - dataset_info - Load dataset info from C:\Users\HP\tensorflow_datasets\malaria\1.0.0]
[2025-10-31 09:14:21,029 - INFO - reader - Creating a tf.data.Dataset reading 4 files located in folders: C:\Users\HP\tensorflow_datasets\malaria\1.0.0.]
[2025-10-31 09:14:21,215 - INFO - logging_logger - Constructing tf.data.Dataset malaria for split train, from C:\Users\HP\tensorflow_datasets\malaria\1.0.0]
[2025-10-31 09:14:21,216 - INFO - data_ingestion - downloading dataset has completed...]
[2025-10-31 09:14:28,213 - INFO - data_ingestion - Dataset has been saved successfully to: artifacts/data_ingestion/raw]
[2025-10-31 09:14:28,216 - INFO - data_ingestion - dataset information has been saved successfully to: artifacts/data_ingestion/malaria-dataset_info.txt]
[2025-10-31 10:40:02,556 - INFO - common - Datasets has been loaded successfullly...]
[2025-10-31 11:06:16,685 - INFO - common - Datasets has been loaded successfullly...]
[2025-10-31 11:11:58,421 - INFO - common - Datasets has been loaded successfullly...]
[2025-10-31 11:11:59,500 - INFO - common - Datasets has been loaded successfullly...]
[2025-10-31 11:12:00,474 - INFO - common - Datasets has been loaded successfullly...]
[2025-10-31 11:16:23,492 - INFO - common - Datasets has been loaded successfullly...]
[2025-10-31 11:16:23,494 - INFO - common - file has been read successfully artifacts\data_ingestion\malaria_dataset_info.txt]
[2025-10-31 11:26:37,323 - INFO - common - created directory: artifacts]
[2025-10-31 11:26:37,326 - INFO - common - created directory: artifacts/data_ingestion]
[2025-10-31 11:26:37,327 - INFO - configuration - Data ingestion configuration and params loaded successfully.]
[2025-10-31 11:26:37,328 - INFO - data_ingestion - Downloading dataset has started...]
[2025-10-31 11:26:38,165 - INFO - dataset_info - Load dataset info from C:\Users\HP\tensorflow_datasets\malaria\1.0.0]
[2025-10-31 11:26:38,194 - INFO - reader - Creating a tf.data.Dataset reading 4 files located in folders: C:\Users\HP\tensorflow_datasets\malaria\1.0.0.]
[2025-10-31 11:26:38,266 - INFO - logging_logger - Constructing tf.data.Dataset malaria for split train, from C:\Users\HP\tensorflow_datasets\malaria\1.0.0]
[2025-10-31 11:26:38,267 - INFO - data_ingestion - downloading dataset has completed...]
[2025-10-31 11:26:44,457 - INFO - data_ingestion - Dataset has been saved successfully to: artifacts/data_ingestion/raw]
[2025-10-31 11:31:54,923 - INFO - common - created directory: artifacts]
[2025-10-31 11:31:54,926 - INFO - common - created directory: artifacts/data_ingestion]
[2025-10-31 11:31:54,927 - INFO - configuration - Data ingestion configuration and params loaded successfully.]
[2025-10-31 11:31:54,929 - INFO - data_ingestion - Downloading dataset has started...]
[2025-10-31 11:31:54,932 - INFO - dataset_info - Load dataset info from C:\Users\HP\tensorflow_datasets\malaria\1.0.0]
[2025-10-31 11:31:54,939 - INFO - reader - Creating a tf.data.Dataset reading 4 files located in folders: C:\Users\HP\tensorflow_datasets\malaria\1.0.0.]
[2025-10-31 11:31:54,992 - INFO - logging_logger - Constructing tf.data.Dataset malaria for split train, from C:\Users\HP\tensorflow_datasets\malaria\1.0.0]
[2025-10-31 11:31:54,993 - INFO - data_ingestion - downloading dataset has completed...]
[2025-10-31 11:32:00,713 - INFO - data_ingestion - Dataset has been saved successfully to: artifacts/data_ingestion/raw]
[2025-10-31 11:42:41,099 - INFO - common - created directory: artifacts]
[2025-10-31 11:42:41,101 - INFO - common - created directory: artifacts/data_ingestion]
[2025-10-31 11:42:41,102 - INFO - configuration - Data ingestion configuration and params loaded successfully.]
[2025-10-31 11:42:41,104 - INFO - data_ingestion - Downloading dataset has started...]
[2025-10-31 11:42:41,108 - INFO - dataset_info - Load dataset info from C:\Users\HP\tensorflow_datasets\malaria\1.0.0]
[2025-10-31 11:42:41,119 - INFO - reader - Creating a tf.data.Dataset reading 4 files located in folders: C:\Users\HP\tensorflow_datasets\malaria\1.0.0.]
[2025-10-31 11:42:41,181 - INFO - logging_logger - Constructing tf.data.Dataset malaria for split train, from C:\Users\HP\tensorflow_datasets\malaria\1.0.0]
[2025-10-31 11:42:41,182 - INFO - data_ingestion - downloading dataset has completed...]
[2025-10-31 11:42:48,508 - INFO - data_ingestion - Dataset has been saved successfully to: artifacts/data_ingestion/raw]
[2025-10-31 12:06:13,766 - INFO - common - created directory: artifacts]
[2025-10-31 12:06:13,768 - INFO - common - created directory: artifacts/data_ingestion]
[2025-10-31 12:06:13,770 - INFO - configuration - Data ingestion configuration and params loaded successfully.]
[2025-10-31 12:06:28,198 - INFO - common - created directory: artifacts]
[2025-10-31 12:06:28,200 - INFO - common - created directory: artifacts/data_ingestion]
[2025-10-31 12:06:28,201 - INFO - configuration - Data ingestion configuration and params loaded successfully.]
[2025-10-31 12:06:28,203 - INFO - data_ingestion - Downloading dataset has started...]
[2025-10-31 12:06:28,206 - INFO - dataset_info - Load dataset info from C:\Users\HP\tensorflow_datasets\malaria\1.0.0]
[2025-10-31 12:06:28,214 - INFO - reader - Creating a tf.data.Dataset reading 4 files located in folders: C:\Users\HP\tensorflow_datasets\malaria\1.0.0.]
[2025-10-31 12:06:28,297 - INFO - logging_logger - Constructing tf.data.Dataset malaria for split train, from C:\Users\HP\tensorflow_datasets\malaria\1.0.0]
[2025-10-31 12:06:28,299 - INFO - data_ingestion - downloading dataset has completed...]
[2025-10-31 12:06:35,631 - INFO - data_ingestion - Dataset has been saved successfully to: artifacts/data_ingestion/raw]
[2025-10-31 12:09:16,419 - INFO - common - created directory: artifacts]
[2025-10-31 12:09:16,422 - INFO - common - created directory: artifacts/data_ingestion]
[2025-10-31 12:09:16,424 - INFO - configuration - Data ingestion configuration and params loaded successfully.]
[2025-10-31 12:09:16,425 - INFO - data_ingestion - Downloading dataset has started...]
[2025-10-31 12:09:16,429 - INFO - dataset_info - Load dataset info from C:\Users\HP\tensorflow_datasets\malaria\1.0.0]
[2025-10-31 12:09:16,436 - INFO - reader - Creating a tf.data.Dataset reading 4 files located in folders: C:\Users\HP\tensorflow_datasets\malaria\1.0.0.]
[2025-10-31 12:09:16,499 - INFO - logging_logger - Constructing tf.data.Dataset malaria for split train, from C:\Users\HP\tensorflow_datasets\malaria\1.0.0]
[2025-10-31 12:09:16,500 - INFO - data_ingestion - downloading dataset has completed...]
[2025-10-31 12:09:23,780 - INFO - data_ingestion - Dataset has been saved successfully to: artifacts/data_ingestion/raw]
[2025-10-31 12:10:25,816 - INFO - common - created directory: artifacts]
[2025-10-31 12:10:25,820 - INFO - common - created directory: artifacts/data_ingestion]
[2025-10-31 12:10:25,822 - INFO - configuration - Data ingestion configuration and params loaded successfully.]
[2025-10-31 12:10:46,094 - INFO - common - Datasets has been loaded successfullly...]
[2025-10-31 12:10:46,096 - INFO - common - file has been read successfully artifacts\data_ingestion\malaria_dataset_info.txt]
[2025-10-31 12:12:19,442 - INFO - common - created directory: artifacts]
[2025-10-31 12:12:19,443 - INFO - common - created directory: artifacts/data_ingestion]
[2025-10-31 12:12:19,445 - INFO - configuration - Data ingestion configuration and params loaded successfully.]
[2025-10-31 12:12:19,447 - INFO - data_ingestion - Downloading dataset has started...]
[2025-10-31 12:12:20,754 - INFO - dataset_info - Load dataset info from C:\Users\HP\tensorflow_datasets\malaria\1.0.0]
[2025-10-31 12:12:20,770 - INFO - reader - Creating a tf.data.Dataset reading 4 files located in folders: C:\Users\HP\tensorflow_datasets\malaria\1.0.0.]
[2025-10-31 12:12:20,866 - INFO - logging_logger - Constructing tf.data.Dataset malaria for split train, from C:\Users\HP\tensorflow_datasets\malaria\1.0.0]
[2025-10-31 12:12:20,868 - INFO - data_ingestion - downloading dataset has completed...]
[2025-10-31 12:12:27,068 - INFO - data_ingestion - Dataset has been saved successfully to: artifacts/data_ingestion/raw]
[2025-10-31 12:12:27,071 - INFO - data_ingestion - dataset information has been saved successfully to: artifacts/data_ingestion/malaria_dataset_info.txt]
[2025-10-31 12:12:45,933 - INFO - common - Datasets has been loaded successfullly...]
[2025-10-31 12:12:45,935 - INFO - common - file has been read successfully artifacts\data_ingestion\malaria_dataset_info.txt]
[2025-10-31 12:19:31,713 - INFO - common - Datasets has been loaded successfullly...]
[2025-10-31 12:19:31,715 - INFO - common - file has been read successfully artifacts\data_ingestion\malaria_dataset_info.txt]
[2025-10-31 12:20:05,963 - INFO - common - Datasets has been loaded successfullly...]
[2025-10-31 12:20:05,967 - INFO - common - file has been read successfully artifacts\data_ingestion\malaria_dataset_info.txt]
[2025-10-31 12:39:34,084 - INFO - common - Datasets has been loaded successfullly...]
[2025-10-31 12:40:44,500 - INFO - common - Datasets has been loaded successfullly...]
[2025-10-31 12:40:45,863 - INFO - common - Datasets has been loaded successfullly...]
[2025-10-31 12:46:04,501 - INFO - common - Datasets has been loaded successfullly...]
[2025-10-31 12:46:04,503 - INFO - common - file has been read successfully artifacts\data_ingestion\malaria_dataset_info.txt]
[2025-10-31 12:47:24,178 - INFO - common - Datasets has been loaded successfullly...]
[2025-10-31 12:47:24,180 - INFO - common - file has been read successfully artifacts\data_ingestion\malaria_dataset_info.txt]
[2025-10-31 12:52:39,051 - INFO - common - Datasets has been loaded successfullly...]
[2025-10-31 12:52:39,053 - INFO - common - file has been read successfully artifacts\data_ingestion\malaria_dataset_info.txt]
[2025-10-31 12:57:36,691 - INFO - common - Datasets has been loaded successfullly...]
[2025-10-31 12:57:36,693 - INFO - common - file has been read successfully artifacts\data_ingestion\malaria_dataset_info.txt]
[2025-11-01 23:23:21,485 - INFO - common - Datasets has been loaded successfullly...]
[2025-11-02 00:14:10,429 - INFO - common - Datasets has been loaded successfullly...]
[2025-11-02 00:15:59,985 - INFO - common - created directory: artifacts]
[2025-11-02 00:15:59,987 - INFO - common - created directory: artifacts/split_data]
[2025-11-02 00:19:46,175 - INFO - common - Datasets has been loaded successfullly...]
[2025-11-02 00:19:46,287 - INFO - common - created directory: artifacts]
[2025-11-02 00:19:46,289 - INFO - common - created directory: artifacts/split_data]
[2025-11-02 00:24:03,647 - INFO - common - Datasets has been loaded successfullly...]
[2025-11-02 00:24:03,712 - INFO - common - created directory: artifacts]
[2025-11-02 00:24:03,715 - INFO - common - created directory: artifacts/split_data]
[2025-11-02 00:24:03,717 - INFO - configuration - data Spiltting configuration and params has been loaded successfully...]
[2025-11-02 00:25:45,045 - INFO - split_dataset - Data splitting has begun...]
[2025-11-02 00:25:45,070 - INFO - common - Datasets has been loaded successfullly...]
[2025-11-02 00:30:28,647 - INFO - common - Datasets has been loaded successfullly...]
[2025-11-02 00:30:28,708 - INFO - common - created directory: artifacts]
[2025-11-02 00:30:28,711 - INFO - common - created directory: artifacts/split_data]
[2025-11-02 00:30:28,714 - INFO - configuration - data Spiltting configuration and params has been loaded successfully...]
[2025-11-02 00:30:28,731 - INFO - split_dataset - Data splitting has begun...]
[2025-11-02 00:30:28,762 - INFO - common - Datasets has been loaded successfullly...]
[2025-11-02 00:30:32,576 - INFO - common - Dataset has been saved successfully to: artifacts/split_data/train]
[2025-11-02 00:30:34,618 - INFO - common - Dataset has been saved successfully to: artifacts/split_data/test]
[2025-11-02 00:30:36,057 - INFO - common - Dataset has been saved successfully to: artifacts/split_data/validate]
[2025-11-02 00:30:36,061 - INFO - split_dataset - Data splitting has ended...]
[2025-11-03 11:53:18,099 - INFO - common - Datasets has been loaded successfullly...]
[2025-11-03 14:26:28,699 - INFO - common - Datasets has been loaded successfullly...]
[2025-11-03 14:37:54,548 - INFO - common - Datasets has been loaded successfullly...]
[2025-11-03 14:57:24,690 - INFO - common - Datasets has been loaded successfullly...]
[2025-11-03 15:01:23,591 - INFO - common - Datasets has been loaded successfullly...]
[2025-11-03 15:02:18,337 - INFO - common - Datasets has been loaded successfullly...]
[2025-11-03 15:04:04,085 - INFO - common - Datasets has been loaded successfullly...]
[2025-11-03 15:04:42,064 - INFO - common - Datasets has been loaded successfullly...]
[2025-11-04 11:15:00,571 - INFO - common - Datasets has been loaded successfullly...]
[2025-11-04 11:35:37,682 - INFO - common - Datasets has been loaded successfullly...]
[2025-11-07 22:45:42,955 - INFO - common - created directory: artifacts]
[2025-11-07 22:45:42,957 - INFO - configuration - Building model configuration and params has been loaded successfully..]
[2025-11-07 22:48:06,797 - INFO - common - created directory: artifacts]
[2025-11-07 22:48:06,799 - INFO - configuration - Building model configuration and params has been loaded successfully..]
[2025-11-07 22:48:22,676 - INFO - common - created directory: artifacts]
[2025-11-07 22:48:22,679 - INFO - configuration - Building model configuration and params has been loaded successfully..]
[2025-11-07 23:01:23,989 - INFO - common - created directory: artifacts]
[2025-11-07 23:01:23,991 - INFO - configuration - Building model configuration and params has been loaded successfully..]
[2025-11-07 23:05:04,698 - INFO - common - created directory: artifacts]
[2025-11-07 23:05:04,700 - INFO - configuration - Building model configuration and params has been loaded successfully..]
[2025-11-07 23:13:17,510 - INFO - common - created directory: artifacts]
[2025-11-07 23:13:17,513 - INFO - configuration - Building model configuration and params has been loaded successfully..]
[2025-11-07 23:14:10,754 - INFO - common - created directory: artifacts]
[2025-11-07 23:14:10,756 - INFO - configuration - Building model configuration and params has been loaded successfully..]
[2025-11-07 23:15:15,973 - INFO - common - created directory: artifacts]
[2025-11-07 23:15:15,975 - INFO - configuration - Building model configuration and params has been loaded successfully..]
[2025-11-07 23:16:10,710 - INFO - common - created directory: artifacts]
[2025-11-07 23:16:10,711 - INFO - configuration - Building model configuration and params has been loaded successfully..]
[2025-11-07 23:24:53,357 - INFO - common - created directory: artifacts]
[2025-11-07 23:24:53,359 - INFO - configuration - Building model configuration and params has been loaded successfully..]
[2025-11-08 00:10:04,707 - INFO - common - created directory: artifacts]
[2025-11-08 00:10:04,710 - INFO - configuration - Building model configuration and params has been loaded successfully..]
[2025-11-08 00:24:51,185 - INFO - common - created directory: artifacts]
[2025-11-08 00:24:51,189 - INFO - configuration - Building model configuration and params has been loaded successfully..]
[2025-11-08 00:25:42,399 - INFO - common - created directory: artifacts]
[2025-11-08 00:25:42,420 - INFO - configuration - Building model configuration and params has been loaded successfully..]
[2025-11-08 00:26:31,798 - INFO - common - created directory: artifacts]
[2025-11-08 00:26:31,804 - INFO - configuration - Building model configuration and params has been loaded successfully..]
[2025-11-08 00:35:52,017 - INFO - common - created directory: artifacts]
[2025-11-08 00:35:52,021 - INFO - configuration - Building model configuration and params has been loaded successfully..]
[2025-11-08 00:36:53,191 - INFO - common - created directory: artifacts]
[2025-11-08 00:36:53,193 - INFO - configuration - Building model configuration and params has been loaded successfully..]
[2025-11-08 01:08:21,533 - INFO - common - Datasets has been loaded successfullly...]
[2025-11-08 01:08:21,565 - INFO - common - Datasets has been loaded successfullly...]
[2025-11-08 01:08:51,016 - INFO - common - Datasets has been loaded successfullly...]
[2025-11-08 01:08:51,036 - INFO - common - Datasets has been loaded successfullly...]
[2025-11-08 01:08:53,570 - INFO - common - Datasets has been loaded successfullly...]
[2025-11-08 01:08:53,594 - INFO - common - Datasets has been loaded successfullly...]
[2025-11-08 01:10:57,040 - INFO - common - Datasets has been loaded successfullly...]
[2025-11-08 01:10:57,060 - INFO - common - Datasets has been loaded successfullly...]
[2025-11-08 01:10:59,609 - INFO - common - Datasets has been loaded successfullly...]
[2025-11-08 01:10:59,631 - INFO - common - Datasets has been loaded successfullly...]
[2025-11-08 01:12:15,873 - INFO - common - created directory: artifacts]
[2025-11-08 01:12:15,874 - INFO - configuration - Building model configuration and params has been loaded successfully..]
[2025-11-08 01:12:15,875 - INFO - model_building - model building has started...]
[2025-11-08 01:12:20,852 - INFO - model_building - model building has ended...]
[2025-11-08 01:12:24,786 - INFO - model_building - modile compilation has started...]
[2025-11-08 01:12:24,805 - INFO - model_building - modile compilation has ended...]
[2025-11-08 01:12:36,780 - INFO - common - Datasets has been loaded successfullly...]
[2025-11-08 01:12:36,796 - INFO - common - Datasets has been loaded successfullly...]
[2025-11-08 01:12:36,799 - INFO - configuration - preprocessing configuration and params has been loaded successfully...]
[2025-11-08 01:12:36,800 - INFO - preprocessing - Data preprocessing has started...]
[2025-11-08 01:12:36,930 - INFO - preprocessing - Data preprocessing has ended...]
[2025-11-08 01:12:36,931 - INFO - preprocessing - Data preprocessing has started...]
[2025-11-08 01:12:36,948 - INFO - preprocessing - Data preprocessing has ended...]
[2025-11-08 01:12:36,949 - INFO - model_building - Model training has started...]
[2025-11-08 01:18:38,524 - INFO - common - created directory: artifacts]
[2025-11-08 01:18:38,526 - INFO - configuration - Building model configuration and params has been loaded successfully..]
[2025-11-08 01:18:38,528 - INFO - model_building - model building has started...]
[2025-11-08 01:18:42,969 - INFO - model_building - model building has ended...]
[2025-11-08 01:18:43,058 - INFO - model_building - modile compilation has started...]
[2025-11-08 01:18:43,084 - INFO - model_building - modile compilation has ended...]
[2025-11-08 01:18:43,198 - INFO - common - Datasets has been loaded successfullly...]
[2025-11-08 01:18:43,237 - INFO - common - Datasets has been loaded successfullly...]
[2025-11-08 01:18:43,242 - INFO - configuration - preprocessing configuration and params has been loaded successfully...]
[2025-11-08 01:18:43,244 - INFO - preprocessing - Data preprocessing has started...]
[2025-11-08 01:18:43,390 - INFO - preprocessing - Data preprocessing has ended...]
[2025-11-08 01:18:43,391 - INFO - preprocessing - Data preprocessing has started...]
[2025-11-08 01:18:43,428 - INFO - preprocessing - Data preprocessing has ended...]
[2025-11-08 01:18:43,431 - INFO - model_building - Model training has started...]
[2025-11-08 01:21:15,711 - INFO - common - created directory: artifacts]
[2025-11-08 01:21:15,713 - INFO - configuration - Building model configuration and params has been loaded successfully..]
[2025-11-08 01:21:15,714 - INFO - model_building - model building has started...]
[2025-11-08 01:21:20,014 - INFO - model_building - model building has ended...]
[2025-11-08 01:21:20,086 - INFO - model_building - modile compilation has started...]
[2025-11-08 01:21:20,110 - INFO - model_building - modile compilation has ended...]
[2025-11-08 01:21:20,203 - INFO - common - Datasets has been loaded successfullly...]
[2025-11-08 01:21:20,240 - INFO - common - Datasets has been loaded successfullly...]
[2025-11-08 01:21:20,246 - INFO - configuration - preprocessing configuration and params has been loaded successfully...]
[2025-11-08 01:21:20,248 - INFO - preprocessing - Data preprocessing has started...]
[2025-11-08 01:21:20,351 - INFO - preprocessing - Data preprocessing has ended...]
[2025-11-08 01:21:20,353 - INFO - preprocessing - Data preprocessing has started...]
[2025-11-08 01:21:20,384 - INFO - preprocessing - Data preprocessing has ended...]
[2025-11-08 01:21:20,386 - INFO - model_building - Model training has started...]
[2025-11-08 21:11:27,184 - INFO - common - created directory: artifacts]
[2025-11-08 21:11:27,187 - INFO - configuration - Building model configuration and params has been loaded successfully..]
[2025-11-08 21:11:27,188 - INFO - model_building - model building has started...]
[2025-11-08 21:11:34,377 - INFO - model_building - model building has ended...]
[2025-11-08 21:11:59,084 - INFO - model_building - modile compilation has started...]
[2025-11-08 21:11:59,100 - INFO - model_building - modile compilation has ended...]
[2025-11-08 21:12:12,557 - INFO - common - Datasets has been loaded successfullly...]
[2025-11-08 21:12:12,587 - INFO - common - Datasets has been loaded successfullly...]
[2025-11-08 21:12:12,592 - INFO - configuration - preprocessing configuration and params has been loaded successfully...]
[2025-11-08 21:12:12,593 - INFO - preprocessing - Data preprocessing has started...]
[2025-11-08 21:12:12,692 - INFO - preprocessing - Data preprocessing has ended...]
[2025-11-08 21:12:12,694 - INFO - preprocessing - Data preprocessing has started...]
[2025-11-08 21:12:12,713 - INFO - preprocessing - Data preprocessing has ended...]
[2025-11-08 21:12:12,715 - INFO - model_building - Model training has started...]
[2025-11-08 22:05:22,119 - INFO - common - created directory: artifacts]
[2025-11-08 22:05:22,121 - INFO - configuration - Building model configuration and params has been loaded successfully..]
[2025-11-08 22:05:22,123 - INFO - model_building - model building has started...]
[2025-11-08 22:05:26,649 - INFO - model_building - model building has ended...]
[2025-11-08 22:05:32,717 - INFO - model_building - modile compilation has started...]
[2025-11-08 22:05:32,734 - INFO - model_building - modile compilation has ended...]
[2025-11-08 22:05:36,183 - INFO - common - Datasets has been loaded successfullly...]
[2025-11-08 22:05:36,200 - INFO - common - Datasets has been loaded successfullly...]
[2025-11-08 22:05:36,204 - INFO - configuration - preprocessing configuration and params has been loaded successfully...]
[2025-11-08 22:05:36,205 - INFO - preprocessing - Data preprocessing has started...]
[2025-11-08 22:05:36,288 - INFO - preprocessing - Data preprocessing has ended...]
[2025-11-08 22:05:36,289 - INFO - preprocessing - Data preprocessing has started...]
[2025-11-08 22:05:36,312 - INFO - preprocessing - Data preprocessing has ended...]
[2025-11-08 22:05:36,314 - INFO - model_building - Model training has started...]
[2025-11-08 22:17:34,614 - INFO - common - created directory: artifacts]
[2025-11-08 22:17:34,616 - INFO - configuration - Building model configuration and params has been loaded successfully..]
[2025-11-08 22:17:34,617 - INFO - model_building - model building has started...]
[2025-11-08 22:17:40,754 - INFO - model_building - model building has ended...]
[2025-11-08 22:17:40,831 - INFO - model_building - modile compilation has started...]
[2025-11-08 22:17:40,851 - INFO - model_building - modile compilation has ended...]
[2025-11-08 22:17:40,942 - INFO - common - Datasets has been loaded successfullly...]
[2025-11-08 22:17:40,985 - INFO - common - Datasets has been loaded successfullly...]
[2025-11-08 22:17:40,991 - INFO - configuration - preprocessing configuration and params has been loaded successfully...]
[2025-11-08 22:17:40,993 - INFO - preprocessing - Data preprocessing has started...]
[2025-11-08 22:17:41,133 - INFO - preprocessing - Data preprocessing has ended...]
[2025-11-08 22:17:41,135 - INFO - preprocessing - Data preprocessing has started...]
[2025-11-08 22:17:41,156 - INFO - preprocessing - Data preprocessing has ended...]
[2025-11-08 22:17:41,157 - INFO - model_building - Model training has started...]
[2025-11-08 22:45:40,084 - INFO - common - created directory: artifacts]
[2025-11-08 22:45:40,085 - INFO - configuration - Building model configuration and params has been loaded successfully..]
[2025-11-08 22:45:40,085 - INFO - model_building - model building has started...]
[2025-11-08 22:45:44,411 - INFO - model_building - model building has ended...]
[2025-11-08 22:45:44,411 - INFO - model_building - modile compilation has started...]
[2025-11-08 22:45:44,420 - INFO - model_building - modile compilation has ended...]
[2025-11-08 22:45:44,479 - INFO - common - Datasets has been loaded successfullly...]
[2025-11-08 22:45:44,506 - INFO - common - Datasets has been loaded successfullly...]
[2025-11-08 22:45:44,510 - INFO - configuration - preprocessing configuration and params has been loaded successfully...]
[2025-11-08 22:45:44,511 - INFO - preprocessing - Data preprocessing has started...]
[2025-11-08 22:45:44,590 - INFO - preprocessing - Data preprocessing has ended...]
[2025-11-08 22:45:44,590 - INFO - preprocessing - Data preprocessing has started...]
[2025-11-08 22:45:44,611 - INFO - preprocessing - Data preprocessing has ended...]
[2025-11-08 22:45:44,612 - INFO - model_building - Model training has started...]
[2025-11-08 22:47:04,790 - INFO - common - created directory: artifacts]
[2025-11-08 22:47:04,790 - INFO - configuration - Building model configuration and params has been loaded successfully..]
[2025-11-08 22:47:04,791 - INFO - model_building - model building has started...]
[2025-11-08 22:47:08,636 - INFO - model_building - model building has ended...]
[2025-11-08 22:47:08,636 - INFO - model_building - modile compilation has started...]
[2025-11-08 22:47:08,653 - INFO - model_building - modile compilation has ended...]
[2025-11-08 22:47:08,698 - INFO - common - Datasets has been loaded successfullly...]
[2025-11-08 22:47:08,717 - INFO - common - Datasets has been loaded successfullly...]
[2025-11-08 22:47:08,722 - INFO - configuration - preprocessing configuration and params has been loaded successfully...]
[2025-11-08 22:47:08,722 - INFO - preprocessing - Data preprocessing has started...]
[2025-11-08 22:47:08,798 - INFO - preprocessing - Data preprocessing has ended...]
[2025-11-08 22:47:08,799 - INFO - preprocessing - Data preprocessing has started...]
[2025-11-08 22:47:08,818 - INFO - preprocessing - Data preprocessing has ended...]
[2025-11-08 22:47:08,818 - INFO - model_building - Model training has started...]
[2025-11-08 22:47:27,210 - INFO - common - created directory: artifacts]
[2025-11-08 22:47:27,211 - INFO - configuration - Building model configuration and params has been loaded successfully..]
[2025-11-08 22:47:27,211 - INFO - model_building - model building has started...]
[2025-11-08 22:47:30,979 - INFO - model_building - model building has ended...]
[2025-11-08 22:47:30,980 - INFO - model_building - modile compilation has started...]
[2025-11-08 22:47:30,990 - INFO - model_building - modile compilation has ended...]
[2025-11-08 22:47:31,018 - INFO - common - Datasets has been loaded successfullly...]
[2025-11-08 22:47:31,033 - INFO - common - Datasets has been loaded successfullly...]
[2025-11-08 22:47:31,036 - INFO - configuration - preprocessing configuration and params has been loaded successfully...]
[2025-11-08 22:47:31,036 - INFO - preprocessing - Data preprocessing has started...]
[2025-11-08 22:47:31,095 - INFO - preprocessing - Data preprocessing has ended...]
[2025-11-08 22:47:31,096 - INFO - preprocessing - Data preprocessing has started...]
[2025-11-08 22:47:31,111 - INFO - preprocessing - Data preprocessing has ended...]
[2025-11-08 22:47:31,113 - INFO - model_building - Model training has started...]
[2025-11-08 22:50:18,487 - INFO - common - created directory: artifacts]
[2025-11-08 22:50:18,487 - INFO - configuration - Building model configuration and params has been loaded successfully..]
[2025-11-08 22:50:18,488 - INFO - model_building - model building has started...]
[2025-11-08 22:50:22,207 - INFO - model_building - model building has ended...]
[2025-11-08 22:50:22,234 - INFO - common - Datasets has been loaded successfullly...]
[2025-11-08 22:50:22,254 - INFO - common - Datasets has been loaded successfullly...]
[2025-11-08 22:50:22,259 - INFO - configuration - preprocessing configuration and params has been loaded successfully...]
[2025-11-08 22:50:22,260 - INFO - preprocessing - Data preprocessing has started...]
[2025-11-08 22:50:22,329 - INFO - preprocessing - Data preprocessing has ended...]
[2025-11-08 22:50:22,329 - INFO - preprocessing - Data preprocessing has started...]
[2025-11-08 22:50:22,392 - INFO - preprocessing - Data preprocessing has ended...]
[2025-11-08 22:50:22,394 - INFO - model_building - Model training has started...]
[2025-11-08 22:52:13,165 - INFO - common - created directory: artifacts]
[2025-11-08 22:52:13,166 - INFO - configuration - Building model configuration and params has been loaded successfully..]
[2025-11-08 22:52:13,166 - INFO - model_building - model building has started...]
[2025-11-08 22:52:16,989 - INFO - model_building - model building has ended...]
[2025-11-08 22:52:17,015 - INFO - common - Datasets has been loaded successfullly...]
[2025-11-08 22:52:17,029 - INFO - common - Datasets has been loaded successfullly...]
[2025-11-08 22:52:17,033 - INFO - configuration - preprocessing configuration and params has been loaded successfully...]
[2025-11-08 22:52:17,033 - INFO - preprocessing - Data preprocessing has started...]
[2025-11-08 22:52:17,091 - INFO - preprocessing - Data preprocessing has ended...]
[2025-11-08 22:52:17,091 - INFO - preprocessing - Data preprocessing has started...]
[2025-11-08 22:52:17,107 - INFO - preprocessing - Data preprocessing has ended...]
[2025-11-08 22:52:17,107 - INFO - model_building - Model training has started...]
[2025-11-08 23:04:13,646 - INFO - common - created directory: artifacts]
[2025-11-08 23:04:13,646 - INFO - configuration - Building model configuration and params has been loaded successfully..]
[2025-11-08 23:04:13,695 - INFO - common - Datasets has been loaded successfullly...]
[2025-11-08 23:04:13,710 - INFO - common - Datasets has been loaded successfullly...]
[2025-11-08 23:04:13,714 - INFO - configuration - preprocessing configuration and params has been loaded successfully...]
[2025-11-08 23:04:13,714 - INFO - preprocessing - Data preprocessing has started...]
[2025-11-08 23:04:13,772 - INFO - preprocessing - Data preprocessing has ended...]
[2025-11-08 23:04:13,772 - INFO - preprocessing - Data preprocessing has started...]
[2025-11-08 23:04:13,788 - INFO - preprocessing - Data preprocessing has ended...]
[2025-11-08 23:04:13,789 - INFO - model_building - model building has started...]
[2025-11-09 16:38:10,167 - INFO - common - created directory: artifacts]
[2025-11-09 16:38:10,169 - INFO - configuration - Building model configuration and params has been loaded successfully..]
[2025-11-09 16:38:10,170 - INFO - model_building - model building has started...]
[2025-11-09 16:38:15,078 - INFO - model_building - model building has ended...]
[2025-11-09 16:38:25,025 - INFO - model_building - modile compilation has started...]
[2025-11-09 16:38:25,042 - INFO - model_building - modile compilation has ended...]
[2025-11-09 16:38:31,003 - INFO - common - Datasets has been loaded successfullly...]
[2025-11-09 16:38:31,028 - INFO - common - Datasets has been loaded successfullly...]
[2025-11-09 16:38:31,032 - INFO - configuration - preprocessing configuration and params has been loaded successfully...]
[2025-11-09 16:38:31,033 - INFO - preprocessing - Data preprocessing has started...]
[2025-11-09 16:38:31,131 - INFO - preprocessing - Data preprocessing has ended...]
[2025-11-09 16:38:31,132 - INFO - preprocessing - Data preprocessing has started...]
[2025-11-09 16:38:31,149 - INFO - preprocessing - Data preprocessing has ended...]
[2025-11-09 16:38:31,149 - INFO - model_building - Model training has started...]
[2025-11-09 16:47:45,004 - INFO - common - created directory: artifacts]
[2025-11-09 16:47:45,005 - INFO - configuration - Building model configuration and params has been loaded successfully..]
[2025-11-09 16:47:45,005 - INFO - model_building - model building has started...]
[2025-11-09 16:47:48,950 - INFO - model_building - model building has ended...]
[2025-11-09 16:47:48,951 - INFO - model_building - modile compilation has started...]
[2025-11-09 16:47:48,965 - INFO - model_building - modile compilation has ended...]
[2025-11-09 16:47:49,012 - INFO - common - Datasets has been loaded successfullly...]
[2025-11-09 16:47:49,030 - INFO - common - Datasets has been loaded successfullly...]
[2025-11-09 16:47:49,034 - INFO - configuration - preprocessing configuration and params has been loaded successfully...]
[2025-11-09 16:47:49,035 - INFO - preprocessing - Data preprocessing has started...]
[2025-11-09 16:47:49,114 - INFO - preprocessing - Data preprocessing has ended...]
[2025-11-09 16:47:49,115 - INFO - preprocessing - Data preprocessing has started...]
[2025-11-09 16:47:49,141 - INFO - preprocessing - Data preprocessing has ended...]
[2025-11-09 16:47:49,142 - INFO - model_building - Model training has started...]
[2025-11-09 16:50:06,417 - INFO - common - created directory: artifacts]
[2025-11-09 16:50:06,418 - INFO - configuration - Building model configuration and params has been loaded successfully..]
[2025-11-09 16:50:06,419 - INFO - model_building - model building has started...]
[2025-11-09 16:50:10,909 - INFO - model_building - model building has ended...]
[2025-11-09 16:50:10,911 - INFO - model_building - modile compilation has started...]
[2025-11-09 16:50:10,924 - INFO - model_building - modile compilation has ended...]
[2025-11-09 16:50:10,969 - INFO - common - Datasets has been loaded successfullly...]
[2025-11-09 16:50:10,988 - INFO - common - Datasets has been loaded successfullly...]
[2025-11-09 16:50:10,991 - INFO - configuration - preprocessing configuration and params has been loaded successfully...]
[2025-11-09 16:50:10,993 - INFO - preprocessing - Data preprocessing has started...]
[2025-11-09 16:50:11,072 - INFO - preprocessing - Data preprocessing has ended...]
[2025-11-09 16:50:11,073 - INFO - preprocessing - Data preprocessing has started...]
[2025-11-09 16:50:11,097 - INFO - preprocessing - Data preprocessing has ended...]
[2025-11-09 16:50:11,098 - INFO - model_building - Model training has started...]
[2025-11-09 16:51:56,974 - INFO - common - created directory: artifacts]
[2025-11-09 16:51:56,975 - INFO - configuration - Building model configuration and params has been loaded successfully..]
[2025-11-09 16:51:56,976 - INFO - model_building - model building has started...]
[2025-11-09 16:52:00,960 - INFO - model_building - model building has ended...]
[2025-11-09 16:52:00,962 - INFO - model_building - modile compilation has started...]
[2025-11-09 16:52:00,979 - INFO - model_building - modile compilation has ended...]
[2025-11-09 16:52:01,022 - INFO - common - Datasets has been loaded successfullly...]
[2025-11-09 16:52:01,044 - INFO - common - Datasets has been loaded successfullly...]
[2025-11-09 16:52:01,048 - INFO - configuration - preprocessing configuration and params has been loaded successfully...]
[2025-11-09 16:52:01,049 - INFO - preprocessing - Data preprocessing has started...]
[2025-11-09 16:52:01,123 - INFO - preprocessing - Data preprocessing has ended...]
[2025-11-09 16:52:01,124 - INFO - preprocessing - Data preprocessing has started...]
[2025-11-09 16:52:01,146 - INFO - preprocessing - Data preprocessing has ended...]
[2025-11-09 16:52:01,148 - INFO - model_building - Model training has started...]
[2025-11-09 16:53:19,447 - INFO - common - created directory: artifacts]
[2025-11-09 16:53:19,449 - INFO - configuration - Building model configuration and params has been loaded successfully..]
[2025-11-09 16:53:19,450 - INFO - model_building - model building has started...]
[2025-11-09 16:53:20,750 - INFO - model_building - model building has ended...]
[2025-11-09 16:53:20,752 - INFO - model_building - modile compilation has started...]
[2025-11-09 16:53:20,765 - INFO - model_building - modile compilation has ended...]
[2025-11-09 16:53:20,814 - INFO - common - Datasets has been loaded successfullly...]
[2025-11-09 16:53:20,840 - INFO - common - Datasets has been loaded successfullly...]
[2025-11-09 16:53:20,844 - INFO - configuration - preprocessing configuration and params has been loaded successfully...]
[2025-11-09 16:53:20,845 - INFO - preprocessing - Data preprocessing has started...]
[2025-11-09 16:53:20,909 - INFO - preprocessing - Data preprocessing has ended...]
[2025-11-09 16:53:20,910 - INFO - preprocessing - Data preprocessing has started...]
[2025-11-09 16:53:20,925 - INFO - preprocessing - Data preprocessing has ended...]
[2025-11-09 16:53:20,926 - INFO - model_building - Model training has started...]
[2025-11-09 16:58:58,801 - INFO - common - created directory: artifacts]
[2025-11-09 16:58:58,802 - INFO - configuration - Building model configuration and params has been loaded successfully..]
[2025-11-09 16:58:58,802 - INFO - model_building - model building has started...]
[2025-11-09 16:58:58,873 - INFO - model_building - model building has ended...]
[2025-11-09 16:58:58,874 - INFO - model_building - modile compilation has started...]
[2025-11-09 16:58:58,881 - INFO - model_building - modile compilation has ended...]
[2025-11-09 16:58:58,907 - INFO - common - Datasets has been loaded successfullly...]
[2025-11-09 16:58:58,920 - INFO - common - Datasets has been loaded successfullly...]
[2025-11-09 16:58:58,924 - INFO - configuration - preprocessing configuration and params has been loaded successfully...]
[2025-11-09 16:58:58,924 - INFO - preprocessing - Data preprocessing has started...]
[2025-11-09 16:58:58,976 - INFO - preprocessing - Data preprocessing has ended...]
[2025-11-09 16:58:58,977 - INFO - preprocessing - Data preprocessing has started...]
[2025-11-09 16:58:58,992 - INFO - preprocessing - Data preprocessing has ended...]
[2025-11-09 16:58:58,993 - INFO - model_building - Model training has started...]
[2025-11-09 17:04:41,405 - INFO - common - created directory: artifacts]
[2025-11-09 17:04:41,405 - INFO - configuration - Building model configuration and params has been loaded successfully..]
[2025-11-09 17:04:41,406 - INFO - model_building - model building has started...]
[2025-11-09 17:04:41,478 - INFO - model_building - model building has ended...]
[2025-11-09 17:04:41,478 - INFO - model_building - modile compilation has started...]
[2025-11-09 17:04:41,486 - INFO - model_building - modile compilation has ended...]
[2025-11-09 17:04:41,507 - INFO - common - Datasets has been loaded successfullly...]
[2025-11-09 17:04:41,520 - INFO - common - Datasets has been loaded successfullly...]
[2025-11-09 17:04:41,530 - INFO - configuration - preprocessing configuration and params has been loaded successfully...]
[2025-11-09 17:04:41,530 - INFO - preprocessing - Data preprocessing has started...]
[2025-11-09 17:04:41,578 - INFO - preprocessing - Data preprocessing has ended...]
[2025-11-09 17:04:41,579 - INFO - preprocessing - Data preprocessing has started...]
[2025-11-09 17:04:41,591 - INFO - preprocessing - Data preprocessing has ended...]
[2025-11-09 17:04:41,591 - INFO - model_building - Model training has started...]
[2025-11-09 17:05:35,719 - INFO - model_building - Model training has ended...]
[2025-11-09 17:06:22,453 - INFO - common - created directory: artifacts]
[2025-11-09 17:06:22,453 - INFO - configuration - Building model configuration and params has been loaded successfully..]
[2025-11-09 17:06:22,454 - INFO - model_building - model building has started...]
[2025-11-09 17:06:22,556 - INFO - model_building - model building has ended...]
[2025-11-09 17:06:22,556 - INFO - model_building - modile compilation has started...]
[2025-11-09 17:06:22,567 - INFO - model_building - modile compilation has ended...]
[2025-11-09 17:06:22,595 - INFO - common - Datasets has been loaded successfullly...]
[2025-11-09 17:06:22,607 - INFO - common - Datasets has been loaded successfullly...]
[2025-11-09 17:06:22,611 - INFO - configuration - preprocessing configuration and params has been loaded successfully...]
[2025-11-09 17:06:22,611 - INFO - preprocessing - Data preprocessing has started...]
[2025-11-09 17:06:22,657 - INFO - preprocessing - Data preprocessing has ended...]
[2025-11-09 17:06:22,658 - INFO - preprocessing - Data preprocessing has started...]
[2025-11-09 17:06:22,674 - INFO - preprocessing - Data preprocessing has ended...]
[2025-11-09 17:06:22,675 - INFO - model_building - Model training has started...]
[2025-11-09 17:14:02,764 - INFO - common - created directory: artifacts]
[2025-11-09 17:14:02,765 - INFO - configuration - Building model configuration and params has been loaded successfully..]
[2025-11-09 17:14:02,765 - INFO - model_building - model building has started...]
[2025-11-09 17:14:02,853 - INFO - model_building - model building has ended...]
[2025-11-09 17:14:02,853 - INFO - model_building - modile compilation has started...]
[2025-11-09 17:14:02,863 - INFO - model_building - modile compilation has ended...]
[2025-11-09 17:14:02,893 - INFO - common - Datasets has been loaded successfullly...]
[2025-11-09 17:14:02,909 - INFO - common - Datasets has been loaded successfullly...]
[2025-11-09 17:14:02,913 - INFO - configuration - preprocessing configuration and params has been loaded successfully...]
[2025-11-09 17:14:02,913 - INFO - preprocessing - Data preprocessing has started...]
[2025-11-09 17:14:03,019 - INFO - preprocessing - Data preprocessing has ended...]
[2025-11-09 17:14:03,019 - INFO - preprocessing - Data preprocessing has started...]
[2025-11-09 17:14:03,041 - INFO - preprocessing - Data preprocessing has ended...]
[2025-11-09 17:14:03,041 - INFO - model_building - Model training has started...]
[2025-11-09 17:15:56,568 - INFO - common - created directory: artifacts]
[2025-11-09 17:15:56,568 - INFO - configuration - Building model configuration and params has been loaded successfully..]
[2025-11-09 17:15:56,569 - INFO - model_building - model building has started...]
[2025-11-09 17:15:56,670 - INFO - model_building - model building has ended...]
[2025-11-09 17:15:56,670 - INFO - model_building - modile compilation has started...]
[2025-11-09 17:15:56,678 - INFO - model_building - modile compilation has ended...]
[2025-11-09 17:15:56,702 - INFO - common - Datasets has been loaded successfullly...]
[2025-11-09 17:15:56,716 - INFO - common - Datasets has been loaded successfullly...]
[2025-11-09 17:15:56,719 - INFO - configuration - preprocessing configuration and params has been loaded successfully...]
[2025-11-09 17:15:56,719 - INFO - preprocessing - Data preprocessing has started...]
[2025-11-09 17:15:56,769 - INFO - preprocessing - Data preprocessing has ended...]
[2025-11-09 17:15:56,770 - INFO - preprocessing - Data preprocessing has started...]
[2025-11-09 17:15:56,784 - INFO - preprocessing - Data preprocessing has ended...]
[2025-11-09 17:15:56,785 - INFO - model_building - Model training has started...]
[2025-11-09 17:19:53,651 - INFO - common - created directory: artifacts]
[2025-11-09 17:19:53,651 - INFO - configuration - Building model configuration and params has been loaded successfully..]
[2025-11-09 17:19:53,652 - INFO - model_building - model building has started...]
[2025-11-09 17:19:53,942 - INFO - model_building - model building has ended...]
[2025-11-09 17:19:53,942 - INFO - model_building - modile compilation has started...]
[2025-11-09 17:19:53,951 - INFO - model_building - modile compilation has ended...]
[2025-11-09 17:19:53,977 - INFO - common - Datasets has been loaded successfullly...]
[2025-11-09 17:19:53,993 - INFO - common - Datasets has been loaded successfullly...]
[2025-11-09 17:19:53,997 - INFO - configuration - preprocessing configuration and params has been loaded successfully...]
[2025-11-09 17:19:53,998 - INFO - preprocessing - Data preprocessing has started...]
[2025-11-09 17:19:54,059 - INFO - preprocessing - Data preprocessing has ended...]
[2025-11-09 17:19:54,059 - INFO - preprocessing - Data preprocessing has started...]
[2025-11-09 17:19:54,074 - INFO - preprocessing - Data preprocessing has ended...]
[2025-11-09 17:19:54,074 - INFO - model_building - Model training has started...]
